Performing C++ SOURCE FILE Test CMAKE_HAVE_LIBC_PTHREAD failed with the following output:
Change Dir: /home/giahuy/Documents/ZaloPay/quickchat/quickchat-moneys/cmake/CMakeFiles/CMakeTmp

Run Build Command(s):/usr/bin/make cmTC_3efc0/fast && /usr/bin/make  -f CMakeFiles/cmTC_3efc0.dir/build.make CMakeFiles/cmTC_3efc0.dir/build
make[1]: Entering directory '/home/giahuy/Documents/ZaloPay/quickchat/quickchat-moneys/cmake/CMakeFiles/CMakeTmp'
Building CXX object CMakeFiles/cmTC_3efc0.dir/src.cxx.o
/usr/bin/c++   -DCMAKE_HAVE_LIBC_PTHREAD -std=gnu++17 -o CMakeFiles/cmTC_3efc0.dir/src.cxx.o -c /home/giahuy/Documents/ZaloPay/quickchat/quickchat-moneys/cmake/CMakeFiles/CMakeTmp/src.cxx
Linking CXX executable cmTC_3efc0
/usr/bin/cmake -E cmake_link_script CMakeFiles/cmTC_3efc0.dir/link.txt --verbose=1
/usr/bin/c++  -DCMAKE_HAVE_LIBC_PTHREAD CMakeFiles/cmTC_3efc0.dir/src.cxx.o -o cmTC_3efc0 
/usr/bin/ld: CMakeFiles/cmTC_3efc0.dir/src.cxx.o: in function `main':
src.cxx:(.text+0x3e): undefined reference to `pthread_create'
/usr/bin/ld: src.cxx:(.text+0x4a): undefined reference to `pthread_detach'
/usr/bin/ld: src.cxx:(.text+0x56): undefined reference to `pthread_cancel'
/usr/bin/ld: src.cxx:(.text+0x67): undefined reference to `pthread_join'
collect2: error: ld returned 1 exit status
make[1]: *** [CMakeFiles/cmTC_3efc0.dir/build.make:106: cmTC_3efc0] Error 1
make[1]: Leaving directory '/home/giahuy/Documents/ZaloPay/quickchat/quickchat-moneys/cmake/CMakeFiles/CMakeTmp'
make: *** [Makefile:140: cmTC_3efc0/fast] Error 2


Source file was:
#include <pthread.h>

void* test_func(void* data)
{
  return data;
}

int main(void)
{
  pthread_t thread;
  pthread_create(&thread, NULL, test_func, NULL);
  pthread_detach(thread);
  pthread_cancel(thread);
  pthread_join(thread, NULL);
  pthread_atfork(NULL, NULL, NULL);
  pthread_exit(NULL);

  return 0;
}

Determining if the function pthread_create exists in the pthreads failed with the following output:
Change Dir: /home/giahuy/Documents/ZaloPay/quickchat/quickchat-moneys/cmake/CMakeFiles/CMakeTmp

Run Build Command(s):/usr/bin/make cmTC_88831/fast && /usr/bin/make  -f CMakeFiles/cmTC_88831.dir/build.make CMakeFiles/cmTC_88831.dir/build
make[1]: Entering directory '/home/giahuy/Documents/ZaloPay/quickchat/quickchat-moneys/cmake/CMakeFiles/CMakeTmp'
Building CXX object CMakeFiles/cmTC_88831.dir/CheckFunctionExists.cxx.o
/usr/bin/c++   -DCHECK_FUNCTION_EXISTS=pthread_create -std=gnu++17 -o CMakeFiles/cmTC_88831.dir/CheckFunctionExists.cxx.o -c /home/giahuy/Documents/ZaloPay/quickchat/quickchat-moneys/cmake/CMakeFiles/CheckLibraryExists/CheckFunctionExists.cxx
Linking CXX executable cmTC_88831
/usr/bin/cmake -E cmake_link_script CMakeFiles/cmTC_88831.dir/link.txt --verbose=1
/usr/bin/c++  -DCHECK_FUNCTION_EXISTS=pthread_create CMakeFiles/cmTC_88831.dir/CheckFunctionExists.cxx.o -o cmTC_88831  -lpthreads 
/usr/bin/ld: cannot find -lpthreads
collect2: error: ld returned 1 exit status
make[1]: *** [CMakeFiles/cmTC_88831.dir/build.make:106: cmTC_88831] Error 1
make[1]: Leaving directory '/home/giahuy/Documents/ZaloPay/quickchat/quickchat-moneys/cmake/CMakeFiles/CMakeTmp'
make: *** [Makefile:140: cmTC_88831/fast] Error 2



